700
0.000000 988.000000 0.500000 0.050000
0.010000 991.103560 0.500000 0.050000
0.020000 994.207120 0.500000 0.050000
0.030000 997.310680 0.500000 0.050000
0.040000 1000.414240 0.500000 0.050000
0.050000 1003.517800 0.500000 0.050000
0.060000 1006.621360 0.500000 0.050000
0.070000 1009.724920 0.500000 0.050000
0.080000 1012.828480 0.500000 0.050000
0.090000 1015.932040 0.500000 0.050000
0.100000 1019.035600 0.500000 0.050000
0.110000 1022.139160 0.500000 0.050000
0.120000 1025.242720 0.500000 0.050000
0.130000 1028.346280 0.500000 0.050000
0.140000 1031.449840 0.500000 0.050000
0.150000 1034.553400 0.500000 0.050000
0.160000 1037.656960 0.500000 0.050000
0.170000 1040.760520 0.500000 0.050000
0.180000 1043.864080 0.500000 0.050000
0.190000 1046.967640 0.500000 0.050000
0.200000 1050.071200 0.500000 0.050000
0.210000 1053.174760 0.500000 0.050000
0.220000 1056.278320 0.500000 0.050000
0.230000 1059.381880 0.500000 0.050000
0.240000 1062.485440 0.500000 0.050000
0.250000 1065.589000 0.500000 0.050000
0.260000 1068.692560 0.500000 0.050000
0.270000 1071.796120 0.500000 0.050000
0.280000 1074.899680 0.500000 0.050000
0.290000 1078.003240 0.500000 0.050000
0.300000 1081.106800 0.500000 0.050000
0.310000 1084.210360 0.500000 0.050000
0.320000 1087.313920 0.500000 0.050000
0.330000 1090.417480 0.500000 0.050000
0.340000 1093.521040 0.500000 0.050000
0.350000 1096.624600 0.500000 0.050000
0.360000 1099.728160 0.500000 0.050000
0.370000 1102.831720 0.500000 0.050000
0.380000 1105.935280 0.500000 0.050000
0.390000 1109.038840 0.500000 0.050000
0.400000 1112.142400 0.500000 0.050000
0.410000 1115.245960 0.500000 0.050000
0.420000 1118.349520 0.500000 0.050000
0.430000 1121.453080 0.500000 0.050000
0.440000 1124.556640 0.500000 0.050000
0.450000 1127.660200 0.500000 0.050000
0.460000 1130.763760 0.500000 0.050000
0.470000 1133.867320 0.500000 0.050000
0.480000 1136.970880 0.500000 0.050000
0.490000 1140.074440 0.500000 0.050000
0.500000 1143.178000 0.500000 0.050000
0.510000 1146.281560 0.500000 0.050000
0.520000 1149.385120 0.500000 0.050000
0.530000 1152.488680 0.500000 0.050000
0.540000 1155.592240 0.500000 0.050000
0.550000 1158.695800 0.500000 0.050000
0.560000 1161.799360 0.500000 0.050000
0.570000 1164.902920 0.500000 0.050000
0.580000 1168.006480 0.500000 0.050000
0.590000 1171.110040 0.500000 0.050000
0.600000 1174.213600 0.500000 0.050000
0.610000 1177.317160 0.500000 0.050000
0.620000 1180.420720 0.500000 0.050000
0.630000 1183.524280 0.500000 0.050000
0.640000 1186.627840 0.500000 0.050000
0.650000 1189.731400 0.500000 0.050000
0.660000 1192.834960 0.500000 0.050000
0.670000 1195.938520 0.500000 0.050000
0.680000 1199.042080 0.500000 0.050000
0.690000 1202.145640 0.500000 0.050000
0.700000 1205.249200 0.500000 0.050000
0.710000 1208.352760 0.500000 0.050000
0.720000 1211.456320 0.500000 0.050000
0.730000 1214.559880 0.500000 0.050000
0.740000 1217.663440 0.500000 0.050000
0.750000 1220.767000 0.500000 0.050000
0.760000 1223.870560 0.500000 0.050000
0.770000 1226.974120 0.500000 0.050000
0.780000 1230.077680 0.500000 0.050000
0.790000 1233.181240 0.500000 0.050000
0.800000 1236.284800 0.500000 0.050000
0.810000 1239.388360 0.500000 0.050000
0.820000 1242.491920 0.500000 0.050000
0.830000 1245.595480 0.500000 0.050000
0.840000 1248.699040 0.500000 0.050000
0.850000 1251.802600 0.500000 0.050000
0.860000 1254.906160 0.500000 0.050000
0.870000 1258.009720 0.500000 0.050000
0.880000 1261.113280 0.500000 0.050000
0.890000 1264.216840 0.500000 0.050000
0.900000 1267.320400 0.500000 0.050000
0.910000 1270.423960 0.500000 0.050000
0.920000 1273.527520 0.500000 0.050000
0.930000 1276.631080 0.500000 0.050000
0.940000 1279.734640 0.500000 0.050000
0.950000 1282.838200 0.500000 0.050000
0.960000 1285.941760 0.500000 0.050000
0.970000 1289.045320 0.500000 0.050000
0.980000 1292.148880 0.500000 0.050000
0.990000 1295.252440 0.500000 0.050000
1.000000 1298.356000 0.500000 0.050000
1.010000 1301.459560 0.500000 0.050000
1.020000 1304.563120 0.500000 0.050000
1.030000 1307.666680 0.500000 0.050000
1.040000 1310.770240 0.500000 0.050000
1.050000 1313.873800 0.500000 0.050000
1.060000 1316.977360 0.500000 0.050000
1.070000 1320.080920 0.500000 0.050000
1.080000 1323.184480 0.500000 0.050000
1.090000 1326.288040 0.500000 0.050000
1.100000 1329.391600 0.500000 0.050000
1.110000 1332.495160 0.500000 0.050000
1.120000 1335.598720 0.500000 0.050000
1.130000 1338.702280 0.500000 0.050000
1.140000 1341.805840 0.500000 0.050000
1.150000 1344.909400 0.500000 0.050000
1.160000 1348.012960 0.500000 0.050000
1.170000 1351.116520 0.500000 0.050000
1.180000 1354.220080 0.500000 0.050000
1.190000 1357.323640 0.500000 0.050000
1.200000 1360.427200 0.500000 0.050000
1.210000 1363.530760 0.500000 0.050000
1.220000 1366.634320 0.500000 0.050000
1.230000 1369.737880 0.500000 0.050000
1.240000 1372.841440 0.500000 0.050000
1.250000 1375.945000 0.500000 0.050000
1.260000 1379.048560 0.500000 0.050000
1.270000 1382.152120 0.500000 0.050000
1.280000 1385.255680 0.500000 0.050000
1.290000 1388.359240 0.500000 0.050000
1.300000 1391.462800 0.500000 0.050000
1.310000 1394.566360 0.500000 0.050000
1.320000 1397.669920 0.500000 0.050000
1.330000 1400.773480 0.500000 0.050000
1.340000 1403.877040 0.500000 0.050000
1.350000 1406.980600 0.500000 0.050000
1.360000 1410.084160 0.500000 0.050000
1.370000 1413.187720 0.500000 0.050000
1.380000 1416.291280 0.500000 0.050000
1.390000 1419.394840 0.500000 0.050000
1.400000 1422.498400 0.500000 0.050000
1.410000 1425.601960 0.500000 0.050000
1.420000 1428.705520 0.500000 0.050000
1.430000 1431.809080 0.500000 0.050000
1.440000 1434.912640 0.500000 0.050000
1.450000 1438.016200 0.500000 0.050000
1.460000 1441.119760 0.500000 0.050000
1.470000 1444.223320 0.500000 0.050000
1.480000 1447.326880 0.500000 0.050000
1.490000 1450.430440 0.500000 0.050000
1.500000 1453.534000 0.500000 0.050000
1.510000 1456.637560 0.500000 0.050000
1.520000 1459.741120 0.500000 0.050000
1.530000 1462.844680 0.500000 0.050000
1.540000 1465.948240 0.500000 0.050000
1.550000 1469.051800 0.500000 0.050000
1.560000 1472.155360 0.500000 0.050000
1.570000 1475.258920 0.500000 0.050000
1.580000 1478.362480 0.500000 0.050000
1.590000 1481.466040 0.500000 0.050000
1.600000 1484.569600 0.500000 0.050000
1.610000 1487.673160 0.500000 0.050000
1.620000 1490.776720 0.500000 0.050000
1.630000 1493.880280 0.500000 0.050000
1.640000 1496.983840 0.500000 0.050000
1.650000 1500.087400 0.500000 0.050000
1.660000 1503.190960 0.500000 0.050000
1.670000 1506.294520 0.500000 0.050000
1.680000 1509.398080 0.500000 0.050000
1.690000 1512.501640 0.500000 0.050000
1.700000 1515.605200 0.500000 0.050000
1.710000 1518.708760 0.500000 0.050000
1.720000 1521.812320 0.500000 0.050000
1.730000 1524.915880 0.500000 0.050000
1.740000 1528.019440 0.500000 0.050000
1.750000 1531.123000 0.500000 0.050000
1.760000 1534.226560 0.500000 0.050000
1.770000 1537.330120 0.500000 0.050000
1.780000 1540.433680 0.500000 0.050000
1.790000 1543.537240 0.500000 0.050000
1.800000 1546.640800 0.500000 0.050000
1.810000 1549.744360 0.500000 0.050000
1.820000 1552.847920 0.500000 0.050000
1.830000 1555.951480 0.500000 0.050000
1.840000 1559.055040 0.500000 0.050000
1.850000 1562.158600 0.500000 0.050000
1.860000 1565.262160 0.500000 0.050000
1.870000 1568.365720 0.500000 0.050000
1.880000 1571.469280 0.500000 0.050000
1.890000 1574.572840 0.500000 0.050000
1.900000 1577.676400 0.500000 0.050000
1.910000 1580.779960 0.500000 0.050000
1.920000 1583.883520 0.500000 0.050000
1.930000 1586.987080 0.500000 0.050000
1.940000 1590.090640 0.500000 0.050000
1.950000 1593.194200 0.500000 0.050000
1.960000 1596.297760 0.500000 0.050000
1.970000 1599.401320 0.500000 0.050000
1.980000 1602.504880 0.500000 0.050000
1.990000 1605.608440 0.500000 0.050000
2.000000 1608.712000 0.500000 0.050000
2.010000 1611.815560 0.500000 0.050000
2.020000 1614.919120 0.500000 0.050000
2.030000 1618.022680 0.500000 0.050000
2.040000 1621.126240 0.500000 0.050000
2.050000 1624.229800 0.500000 0.050000
2.060000 1627.333360 0.500000 0.050000
2.070000 1630.436920 0.500000 0.050000
2.080000 1633.540480 0.500000 0.050000
2.090000 1636.644040 0.500000 0.050000
2.100000 1639.747600 0.500000 0.050000
2.110000 1642.851160 0.500000 0.050000
2.120000 1645.954720 0.500000 0.050000
2.130000 1649.058280 0.500000 0.050000
2.140000 1652.161840 0.500000 0.050000
2.150000 1655.265400 0.500000 0.050000
2.160000 1658.368960 0.500000 0.050000
2.170000 1661.472520 0.500000 0.050000
2.180000 1664.576080 0.500000 0.050000
2.190000 1667.679640 0.500000 0.050000
2.200000 1670.783200 0.500000 0.050000
2.210000 1673.886760 0.500000 0.050000
2.220000 1676.990320 0.500000 0.050000
2.230000 1680.093880 0.500000 0.050000
2.240000 1683.197440 0.500000 0.050000
2.250000 1686.301000 0.500000 0.050000
2.260000 1689.404560 0.500000 0.050000
2.270000 1692.508120 0.500000 0.050000
2.280000 1695.611680 0.500000 0.050000
2.290000 1698.715240 0.500000 0.050000
2.300000 1701.818800 0.500000 0.050000
2.310000 1704.922360 0.500000 0.050000
2.320000 1708.025920 0.500000 0.050000
2.330000 1711.129480 0.500000 0.050000
2.340000 1714.233040 0.500000 0.050000
2.350000 1717.336600 0.500000 0.050000
2.360000 1720.440160 0.500000 0.050000
2.370000 1723.543720 0.500000 0.050000
2.380000 1726.647280 0.500000 0.050000
2.390000 1729.750840 0.500000 0.050000
2.400000 1732.854400 0.500000 0.050000
2.410000 1735.957960 0.500000 0.050000
2.420000 1739.061520 0.500000 0.050000
2.430000 1742.165080 0.500000 0.050000
2.440000 1745.268640 0.500000 0.050000
2.450000 1748.372200 0.500000 0.050000
2.460000 1751.475760 0.500000 0.050000
2.470000 1754.579320 0.500000 0.050000
2.480000 1757.682880 0.500000 0.050000
2.490000 1760.786440 0.500000 0.050000
2.500000 1763.890000 0.500000 0.050000
2.510000 1766.993560 0.500000 0.050000
2.520000 1770.097120 0.500000 0.050000
2.530000 1773.200680 0.500000 0.050000
2.540000 1776.304240 0.500000 0.050000
2.550000 1779.407800 0.500000 0.050000
2.560000 1782.511360 0.500000 0.050000
2.570000 1785.614920 0.500000 0.050000
2.580000 1788.718480 0.500000 0.050000
2.590000 1791.822040 0.500000 0.050000
2.600000 1794.925600 0.500000 0.050000
2.610000 1798.029160 0.500000 0.050000
2.620000 1801.132720 0.500000 0.050000
2.630000 1804.236280 0.500000 0.050000
2.640000 1807.339840 0.500000 0.050000
2.650000 1810.443400 0.500000 0.050000
2.660000 1813.546960 0.500000 0.050000
2.670000 1816.650520 0.500000 0.050000
2.680000 1819.754080 0.500000 0.050000
2.690000 1822.857640 0.500000 0.050000
2.700000 1825.961200 0.500000 0.050000
2.710000 1829.064760 0.500000 0.050000
2.720000 1832.168320 0.500000 0.050000
2.730000 1835.271880 0.500000 0.050000
2.740000 1838.375440 0.500000 0.050000
2.750000 1841.479000 0.500000 0.050000
2.760000 1844.582560 0.500000 0.050000
2.770000 1847.686120 0.500000 0.050000
2.780000 1850.789680 0.500000 0.050000
2.790000 1853.893240 0.500000 0.050000
2.800000 1856.996800 0.500000 0.050000
2.810000 1860.100360 0.500000 0.050000
2.820000 1863.203920 0.500000 0.050000
2.830000 1866.307480 0.500000 0.050000
2.840000 1869.411040 0.500000 0.050000
2.850000 1872.514600 0.500000 0.050000
2.860000 1875.618160 0.500000 0.050000
2.870000 1878.721720 0.500000 0.050000
2.880000 1881.825280 0.500000 0.050000
2.890000 1884.928840 0.500000 0.050000
2.900000 1888.032400 0.500000 0.050000
2.910000 1891.135960 0.500000 0.050000
2.920000 1894.239520 0.500000 0.050000
2.930000 1897.343080 0.500000 0.050000
2.940000 1900.446640 0.500000 0.050000
2.950000 1903.550200 0.500000 0.050000
2.960000 1906.653760 0.500000 0.050000
2.970000 1909.757320 0.500000 0.050000
2.980000 1912.860880 0.500000 0.050000
2.990000 1915.964440 0.500000 0.050000
3.000000 1919.068000 0.500000 0.050000
3.010000 1922.171560 0.500000 0.050000
3.020000 1925.275120 0.500000 0.050000
3.030000 1928.378680 0.500000 0.050000
3.040000 1931.482240 0.500000 0.050000
3.050000 1934.585800 0.500000 0.050000
3.060000 1937.689360 0.500000 0.050000
3.070000 1940.792920 0.500000 0.050000
3.080000 1943.896480 0.500000 0.050000
3.090000 1947.000040 0.500000 0.050000
3.100000 1950.103600 0.500000 0.050000
3.110000 1953.207160 0.500000 0.050000
3.120000 1956.310720 0.500000 0.050000
3.130000 1959.414280 0.500000 0.050000
3.140000 1962.517840 0.500000 0.050000
3.150000 1965.621400 0.500000 0.050000
3.160000 1968.724960 0.500000 0.050000
3.170000 1971.828520 0.500000 0.050000
3.180000 1974.932080 0.500000 0.050000
3.190000 1978.035640 0.500000 0.050000
3.200000 1981.139200 0.500000 0.050000
3.210000 1984.242760 0.500000 0.050000
3.220000 1987.346320 0.500000 0.050000
3.230000 1990.449880 0.500000 0.050000
3.240000 1993.553440 0.500000 0.050000
3.250000 1996.657000 0.500000 0.050000
3.260000 1999.760560 0.500000 0.050000
3.270000 2002.864120 0.500000 0.050000
3.280000 2005.967680 0.500000 0.050000
3.290000 2009.071240 0.500000 0.050000
3.300000 2012.174800 0.500000 0.050000
3.310000 2015.278360 0.500000 0.050000
3.320000 2018.381920 0.500000 0.050000
3.330000 2021.485480 0.500000 0.050000
3.340000 2024.589040 0.500000 0.050000
3.350000 2027.692600 0.500000 0.050000
3.360000 2030.796160 0.500000 0.050000
3.370000 2033.899720 0.500000 0.050000
3.380000 2037.003280 0.500000 0.050000
3.390000 2040.106840 0.500000 0.050000
3.400000 2043.210400 0.500000 0.050000
3.410000 2045.784803 0.500000 0.050530
3.420000 2047.825394 0.500000 0.051595
3.430000 2049.327517 0.500000 0.053200
3.440000 2050.820329 0.500000 0.054814
3.450000 2052.303831 0.500000 0.056438
3.460000 2053.778022 0.500000 0.058070
3.470000 2055.242902 0.500000 0.059713
3.480000 2056.698472 0.500000 0.061364
3.490000 2058.686302 0.500000 0.062482
3.500000 2060.124802 0.500000 0.064151
3.510000 2061.553991 0.500000 0.065828
3.520000 2062.973870 0.500000 0.067516
3.530000 2064.384438 0.500000 0.069212
3.540000 2066.335026 0.500000 0.070367
3.550000 2067.728524 0.500000 0.072081
3.560000 2069.112712 0.500000 0.073804
3.570000 2071.041574 0.500000 0.074981
3.580000 2072.408692 0.500000 0.076721
3.590000 2073.766500 0.500000 0.078470
3.600000 2075.673638 0.500000 0.079669
3.610000 2077.014376 0.500000 0.081436
3.620000 2078.345803 0.500000 0.083212
3.630000 2080.231215 0.500000 0.084432
3.640000 2081.545573 0.500000 0.086225
3.650000 2083.417020 0.500000 0.087460
3.660000 2084.714308 0.500000 0.089270
3.670000 2086.571789 0.500000 0.090519
3.680000 2087.852007 0.500000 0.092346
3.690000 2089.695522 0.500000 0.093608
3.700000 2090.958671 0.500000 0.095453
3.710000 2092.788219 0.500000 0.096729
3.720000 2094.034299 0.500000 0.098591
3.730000 2095.849881 0.500000 0.099881
3.740000 2097.078891 0.500000 0.101760
3.750000 2098.880507 0.500000 0.103064
3.760000 2100.092448 0.500000 0.104960
3.770000 2101.880098 0.500000 0.106279
3.780000 2103.661542 0.500000 0.107603
3.790000 2104.848653 0.500000 0.109524
3.800000 2106.616131 0.500000 0.110863
3.810000 2108.377401 0.500000 0.112208
3.820000 2109.539684 0.500000 0.114153
3.830000 2111.286989 0.500000 0.115512
3.840000 2113.028086 0.500000 0.116877
3.850000 2114.165540 0.500000 0.118848
3.860000 2115.892672 0.500000 0.120227
3.870000 2117.613596 0.500000 0.121612
3.880000 2118.726222 0.500000 0.123607
3.890000 2120.433180 0.500000 0.125007
3.900000 2122.133931 0.500000 0.126413
3.910000 2123.828475 0.500000 0.127825
3.920000 2124.908513 0.500000 0.129852
3.930000 2126.589091 0.500000 0.131278
3.940000 2128.263462 0.500000 0.132710
3.950000 1480.814292 1.034376 0.517425
3.960000 1478.989399 1.039423 0.519840
3.970000 1475.916875 1.045724 0.522879
3.980000 1474.057842 1.050812 0.525308
3.990000 1472.183292 1.055919 0.527743
4.000000 1469.672512 1.061044 0.530806
4.010000 1467.765374 1.066188 0.533255
4.020000 1465.842719 1.071351 0.535710
4.030000 1463.904546 1.076532 0.538172
4.040000 1462.577774 1.080475 0.540640
4.050000 1460.610117 1.085691 0.543114
4.060000 1459.886987 1.089662 0.544963
4.070000 1457.891398 1.094912 0.547448
4.080000 1455.880291 1.100180 0.549939
4.090000 1454.488345 1.104195 0.552436
4.100000 1453.720214 1.108223 0.554302
4.110000 1451.667209 1.113541 0.556810
4.120000 1450.877353 1.117596 0.558684
4.130000 1448.796416 1.122949 0.561203
4.140000 1447.984835 1.127032 0.563085
4.150000 1446.519954 1.131128 0.565615
4.160000 1445.688200 1.135236 0.567504
4.170000 1444.200043 1.139357 0.570045
4.180000 1443.348116 1.143490 0.571942
4.190000 1442.486878 1.147636 0.573842
4.200000 1441.616330 1.151794 0.575745
4.210000 1440.083171 1.155964 0.578307
4.220000 1439.192449 1.160147 0.580218
4.230000 1438.292417 1.164343 0.582132
4.240000 1437.383074 1.168550 0.584049
4.250000 1435.804913 1.172771 0.586630
4.260000 1434.875397 1.177003 0.588556
4.270000 1433.936570 1.181249 0.590484
4.280000 1433.652595 1.184175 0.592415
4.290000 1432.696698 1.188442 0.594350
4.300000 1431.731491 1.192721 0.596287
4.310000 1430.756973 1.197013 0.598228
4.320000 1430.443514 1.199974 0.600171
4.330000 1429.451926 1.204287 0.602118
4.340000 1428.451028 1.208613 0.604068
4.350000 1428.115844 1.211599 0.606021
4.360000 1427.097876 1.215947 0.607978
4.370000 1426.748725 1.218948 0.609937
4.380000 1425.713688 1.223318 0.611899
4.390000 1426.031803 1.226334 0.613182
4.400000 1424.981248 1.230726 0.615149
4.410000 1424.605717 1.233758 0.617119
4.420000 1423.538093 1.238171 0.619093
4.430000 1423.148596 1.241219 0.621069
4.440000 1422.752892 1.245654 0.622358
4.450000 1422.350981 1.248717 0.624339
4.460000 1421.942863 1.251787 0.626323
4.470000 1420.834892 1.256252 0.628311
4.480000 1421.108005 1.259338 0.629604
4.490000 1419.984516 1.263825 0.631596
4.500000 1419.550018 1.266926 0.633591
4.510000 1419.809165 1.270033 0.634888
4.520000 1419.363804 1.273146 0.636888
4.530000 1418.209280 1.277674 0.638891
4.540000 1418.454461 1.280803 0.640191
4.550000 1417.990479 1.283938 0.642198
4.560000 1416.812678 1.288497 0.644209
4.570000 1417.043893 1.291647 0.645512
4.580000 1416.561290 1.294804 0.647527
4.590000 1416.784746 1.297967 0.648832
4.600000 1416.291280 1.301136 0.650852
4.610000 1416.506977 1.304311 0.652158
4.620000 1415.285727 1.308930 0.654183
4.630000 1414.773639 1.312121 0.656211
4.640000 1414.975371 1.315318 0.657520
4.650000 1414.452421 1.318521 0.659552
4.660000 1414.646393 1.321730 0.660863
4.670000 1414.112581 1.324946 0.662900
4.680000 1414.298794 1.328168 0.664213
4.690000 1413.754120 1.331396 0.666254
4.700000 1413.932574 1.334631 0.667568
4.710000 1414.107926 1.337871 0.668882
4.720000 1413.547733 1.341118 0.670930
4.730000 1413.715325 1.344371 0.672246
4.740000 1412.408726 1.349105 0.674298
4.750000 1413.304103 1.350896 0.675615
4.760000 1411.983539 1.355648 0.677673
4.770000 1412.874260 1.357446 0.678991
4.780000 1412.281480 1.360730 0.681053
4.790000 1412.425796 1.364020 0.682373
4.800000 1412.567008 1.367317 0.683694
4.810000 1411.958710 1.370620 0.685762
4.820000 1412.092163 1.373929 0.687083
4.830000 1412.222513 1.377244 0.688405
4.840000 1411.598697 1.380565 0.690480
4.850000 1411.721288 1.383893 0.691803
4.860000 1411.086610 1.387227 0.693882
4.870000 1411.201442 1.390567 0.695207
4.880000 1411.313170 1.393914 0.696532
4.890000 1410.662974 1.397266 0.698617
4.900000 1411.527315 1.399101 0.699943
4.910000 1411.629733 1.402463 0.701270
4.920000 1411.729047 1.405831 0.702596
4.930000 1411.060230 1.409205 0.704689
4.940000 1411.151785 1.412586 0.706017
4.950000 1411.240236 1.415973 0.707345
4.960000 1411.325584 1.417823 0.709444
4.970000 1411.407828 1.421219 0.710774
4.980000 1411.486969 1.424622 0.712103
4.990000 1410.788668 1.428030 0.714209
5.000000 1410.860050 1.431445 0.715540
5.010000 1411.705770 1.433308 0.716871
5.020000 1411.772497 1.436732 0.718202
5.030000 1411.055574 1.440162 0.720315
5.040000 1411.114542 1.443599 0.721648
5.050000 1411.954055 1.445471 0.722981
5.060000 1412.008367 1.448917 0.724313
5.070000 1411.272823 1.452369 0.726434
5.080000 1411.319377 1.455827 0.727769
5.090000 1412.152683 1.457709 0.729103
5.100000 1412.194581 1.461177 0.730437
5.110000 1412.233375 1.464650 0.731771
5.120000 1412.269066 1.466538 0.733901
5.130000 1412.301654 1.470021 0.735237
5.140000 1412.331137 1.473511 0.736573
5.150000 1413.156684 1.475405 0.737909
5.160000 1413.181513 1.478904 0.739244
5.170000 1412.400968 1.482409 0.741384
5.180000 1413.221859 1.484309 0.742721
5.190000 1413.237377 1.487823 0.744059
5.200000 1413.249791 1.491344 0.745396
5.210000 1414.067579 1.493250 0.746733
5.220000 1413.265309 1.496780 0.748882
5.230000 1413.268413 1.500316 0.750221
5.240000 1414.081545 1.502229 0.751560
5.250000 1414.079993 1.505774 0.752899
5.260000 1414.075338 1.509326 0.754238
5.270000 1414.885367 1.511244 0.755577
5.280000 1414.876057 1.514805 0.756915
5.290000 1414.863642 1.516727 0.759077
5.300000 1414.848125 1.520298 0.760417
5.310000 1414.829503 1.523874 0.761758
5.320000 1415.633325 1.525802 0.763098
5.330000 1415.610049 1.529388 0.764439
5.340000 1416.412319 1.531320 0.765779
5.350000 1416.384387 1.534915 0.767119
5.360000 1415.521597 1.538516 0.769293
5.370000 1416.319212 1.540454 0.770635
5.380000 1416.281969 1.544064 0.771977
5.390000 1417.078032 1.546005 0.773319
5.400000 1417.036134 1.549625 0.774661
5.410000 1417.830646 1.551569 0.776003
5.420000 1417.784092 1.555198 0.777345
5.430000 1418.577052 1.557145 0.778687
5.440000 1418.525843 1.560784 0.780029
5.450000 1418.471531 1.564429 0.781371
5.460000 1418.414115 1.566382 0.783562
5.470000 1418.353596 1.570036 0.784905
5.480000 1419.140348 1.571992 0.786249
5.490000 1419.075173 1.575656 0.787592
5.500000 1419.860374 1.577615 0.788936
5.510000 1419.790544 1.581288 0.790280
5.520000 1420.574193 1.583250 0.791623
5.530000 1420.499707 1.586933 0.792967
5.540000 1421.281804 1.588898 0.794310
5.550000 1421.202664 1.592590 0.795654
5.560000 1421.983209 1.594558 0.796997
5.570000 1421.899413 1.598259 0.798341
5.580000 1421.812513 1.600231 0.800552
5.590000 1421.722510 1.603941 0.801897
5.600000 1422.498400 1.605916 0.803242
5.610000 1423.274290 1.607891 0.804587
5.620000 1423.178080 1.611614 0.805932
5.630000 1423.952418 1.613591 0.807277
5.640000 1423.851552 1.617323 0.808622
5.650000 1424.624339 1.619305 0.809967
5.660000 1424.518818 1.623046 0.811312
5.670000 1425.290052 1.625030 0.812658
5.680000 1425.179876 1.628781 0.814003
5.690000 1425.949559 1.630768 0.815348
5.700000 1425.834727 1.634528 0.816693
5.710000 1426.602858 1.636518 0.818038
5.720000 1427.370989 1.638509 0.819383
5.730000 1427.249950 1.642281 0.820728
5.740000 1428.016530 1.644275 0.822073
5.750000 1427.890835 1.648056 0.823418
5.760000 1428.655863 1.650053 0.824763
5.770000 1428.525514 1.653844 0.826108
5.780000 1429.288989 1.655844 0.827453
5.790000 1429.153984 1.657844 0.829699
5.800000 1429.015876 1.661647 0.831045
5.810000 1429.776248 1.663650 0.832392
5.820000 1429.633484 1.667463 0.833739
5.830000 1430.392305 1.669469 0.835085
5.840000 1431.151125 1.671475 0.836432
5.850000 1431.002154 1.675300 0.837779
5.860000 1431.759423 1.677309 0.839125
5.870000 1431.605797 1.681144 0.840472
5.880000 1432.361514 1.683156 0.841818
5.890000 1433.117231 1.685168 0.843165
5.900000 1432.957397 1.689015 0.844512
5.910000 1433.711562 1.691030 0.845858
5.920000 1434.465727 1.693046 0.847205
5.930000 1434.299687 1.696905 0.848552
5.940000 1435.052300 1.698924 0.849898
5.950000 1434.881604 1.702792 0.851245
5.960000 1435.632666 1.704814 0.852591
5.970000 1436.383727 1.706835 0.853938
5.980000 1436.206825 1.710717 0.855285
5.990000 1436.956334 1.712741 0.856631
6.000000 1437.705844 1.714766 0.857978
6.010000 1437.522734 1.718660 0.859325
6.020000 1438.270692 1.720687 0.860671
6.030000 1439.018650 1.722715 0.862018
6.040000 1438.829333 1.726621 0.863365
6.050000 1439.575739 1.728652 0.864711
6.060000 1440.322145 1.730683 0.866058
6.070000 1440.126621 1.734602 0.867404
6.080000 1440.871475 1.736636 0.868751
6.090000 1441.616330 1.738669 0.870098
6.100000 1441.414598 1.742600 0.871444
6.110000 1442.157901 1.744638 0.872791
6.120000 1442.901203 1.746675 0.874138
6.130000 1443.644506 1.750618 0.874531
6.140000 1444.387809 1.752658 0.875876
6.150000 1444.176767 1.754698 0.878177
6.160000 1444.918517 1.758654 0.878566
6.170000 1445.660268 1.760698 0.879911
6.180000 1446.402019 1.762741 0.881256
6.190000 1446.183218 1.766709 0.882601
6.200000 1446.923417 1.768756 0.883946
6.210000 1447.663616 1.770802 0.885292
6.220000 1447.438608 1.774783 0.886637
6.230000 1448.177255 1.776832 0.887982
6.240000 1448.915903 1.778882 0.889327
6.250000 1449.654550 1.780931 0.890672
6.260000 1449.421783 1.784928 0.892017
6.270000 1450.158878 1.786980 0.893362
6.280000 1450.895974 1.789033 0.894707
6.290000 1450.657000 1.793042 0.896052
6.300000 1451.392544 1.795097 0.897397
6.310000 1452.128087 1.797153 0.898742
6.320000 1452.863631 1.799209 0.900087
6.330000 1452.616898 1.803233 0.901432
6.340000 1453.350890 1.805292 0.902778
6.350000 1454.084882 1.807351 0.904123
6.360000 1454.818874 1.809410 0.905468
6.370000 1454.564382 1.813449 0.906813
6.380000 1455.296822 1.815511 0.908158
6.390000 1456.029262 1.817573 0.909503
6.400000 1456.761702 1.821626 0.909853
6.410000 1457.494143 1.823691 0.911196
6.420000 1458.226583 1.825756 0.912540
6.430000 1457.961228 1.827821 0.914883
6.440000 1458.692117 1.831889 0.915227
6.450000 1459.423005 1.833957 0.916570
6.460000 1460.153893 1.836025 0.917914
6.470000 1460.884782 1.838093 0.919257
6.480000 1460.610117 1.842176 0.920601
6.490000 1461.339453 1.844248 0.921944
6.500000 1462.068790 1.846319 0.923288
6.510000 1462.798127 1.848390 0.924632
6.520000 1462.515703 1.852489 0.925975
6.530000 1463.243487 1.854564 0.927319
6.540000 1463.971272 1.856638 0.928662
6.550000 1464.699057 1.858712 0.930006
6.560000 1464.408874 1.862827 0.931349
6.570000 1465.135107 1.864904 0.932693
6.580000 1465.861340 1.866982 0.934036
6.590000 1466.587573 1.869059 0.935380
6.600000 1467.313806 1.873189 0.935697
6.610000 1468.040039 1.875270 0.937039
6.620000 1468.766272 1.877351 0.938381
6.630000 1469.492506 1.879431 0.939723
6.640000 1469.188357 1.883577 0.941065
6.650000 1469.913038 1.885660 0.942407
6.660000 1470.637719 1.887744 0.943749
6.670000 1471.362400 1.889828 0.945091
6.680000 1472.087082 1.891912 0.946433
6.690000 1471.773622 1.896076 0.947775
6.700000 1472.496752 1.898163 0.949117
6.710000 1473.219881 1.900250 0.950459
6.720000 1473.943011 1.902336 0.951800
6.730000 1474.666140 1.904423 0.953142
6.740000 1474.343370 1.908606 0.954484
6.750000 1476.112399 1.910696 0.954777
6.760000 1476.835528 1.912786 0.956117
6.770000 1477.558658 1.914876 0.957458
6.780000 1477.229681 1.919074 0.958798
6.790000 1477.951258 1.921167 0.960138
6.800000 1478.672836 1.923260 0.961479
6.810000 1479.394414 1.925353 0.962819
6.820000 1480.115991 1.927446 0.964160
6.830000 1479.777703 1.931664 0.965500
6.840000 1480.497729 1.933760 0.966840
6.850000 1481.217755 1.935856 0.968181
6.860000 1481.937781 1.937952 0.969521
6.870000 1482.657807 1.940048 0.970862
6.880000 1483.377833 1.944284 0.971132
6.890000 1484.097859 1.946383 0.972471
6.900000 1484.817885 1.948482 0.973810
6.910000 1485.537911 1.950582 0.975149
6.920000 1486.257937 1.952681 0.976488
6.930000 1485.902579 1.956935 0.977827
6.940000 1486.621053 1.959038 0.979165
6.950000 1487.339527 1.961140 0.980504
6.960000 1488.058001 1.963243 0.981843
6.970000 1488.776476 1.965345 0.983182
6.980000 1489.494950 1.967447 0.984521
6.990000 1489.128730 1.971724 0.985860
7.000000 1489.845652 1.973829 0.987198
